<?xml version="1.0" encoding="UTF-8"?>
<testsuites name="MainFourCalculations" time="49.062" tests="4" failures="0" errors="0">
   <testsuite name="MainFourCalculations" tests="4" failures="0" errors="0" time="49.062" skipped="0" timestamp="2023-06-02 13:31:02" hostname="Abhi - 192.168.1.36" id="Test Suites/CalculatorSuite/MainFourCalculations">
      <properties>
         <property name="deviceName"/>
         <property name="devicePlatform" value=""/>
         <property name="logFolder" value="C:\\Users\\Abhi\\git\\automation-kat-desktop\\Reports\\20230602_133052\\CalculatorSuite\\MainFourCalculations\\20230602_133053"/>
         <property name="logFiles" value="C:\\Users\\Abhi\\git\\automation-kat-desktop\\Reports\\20230602_133052\\CalculatorSuite\\MainFourCalculations\\20230602_133053\\execution0.log"/>
         <property name="attachments" value=""/>
         <property name="hostName" value="Abhi - 192.168.1.36"/>
         <property name="hostAddress" value="192.168.1.36"/>
         <property name="desiredCapabilities" value="{}"/>
         <property name="os" value="Windows 10 64bit"/>
         <property name="katalonVersion" value="8.6.0.208"/>
      </properties>
      <testcase name="Test Cases/Calculator/Addition" time="11.188" classname="Test Cases/Calculator/Addition" status="PASSED">
         <system-out><![CDATA[2023-06-02 13:31:03 - [TEST_CASE][PASSED] - Test Cases/Calculator/Addition: Test Cases/Calculator/Addition

2023-06-02 13:31:04 - [TEST_STEP][PASSED] - startApplicationWithTitle("C:\Users\Abhi\Downloads\Calc 64-bit\calc1.exe", "Calculator"): The application at location: C:\Users\Abhi\Downloads\Calc 64-bit\calc1.exe started.

2023-06-02 13:31:04 - [MESSAGE][INFO] - Starting application C:\Users\Abhi\Downloads\Calc 64-bit\calc1.exe on the local machine at address http://127.0.0.1:4723

2023-06-02 13:31:07 - [MESSAGE][PASSED] - The application at location: C:\Users\Abhi\Downloads\Calc 64-bit\calc1.exe started.

2023-06-02 13:31:07 - [TEST_STEP][PASSED] - click(findWindowsObject("Calculator/1")): Click on element: Object Repository/Calculator/1 succesfully

2023-06-02 13:31:08 - [MESSAGE][INFO] - Clicking on element: Object Repository/Calculator/1

2023-06-02 13:31:09 - [MESSAGE][PASSED] - Click on element: Object Repository/Calculator/1 succesfully

2023-06-02 13:31:09 - [TEST_STEP][PASSED] - click(findWindowsObject("Calculator/2")): Click on element: Object Repository/Calculator/2 succesfully

2023-06-02 13:31:09 - [MESSAGE][INFO] - Clicking on element: Object Repository/Calculator/2

2023-06-02 13:31:10 - [MESSAGE][PASSED] - Click on element: Object Repository/Calculator/2 succesfully

2023-06-02 13:31:10 - [TEST_STEP][PASSED] - click(findWindowsObject("Calculator/Add")): Click on element: Object Repository/Calculator/Add succesfully

2023-06-02 13:31:10 - [MESSAGE][INFO] - Clicking on element: Object Repository/Calculator/Add

2023-06-02 13:31:11 - [MESSAGE][PASSED] - Click on element: Object Repository/Calculator/Add succesfully

2023-06-02 13:31:11 - [TEST_STEP][PASSED] - click(findWindowsObject("Calculator/2")): Click on element: Object Repository/Calculator/2 succesfully

2023-06-02 13:31:11 - [MESSAGE][INFO] - Clicking on element: Object Repository/Calculator/2

2023-06-02 13:31:12 - [MESSAGE][PASSED] - Click on element: Object Repository/Calculator/2 succesfully

2023-06-02 13:31:12 - [TEST_STEP][PASSED] - click(findWindowsObject("Calculator/Equals")): Click on element: Object Repository/Calculator/Equals succesfully

2023-06-02 13:31:13 - [MESSAGE][INFO] - Clicking on element: Object Repository/Calculator/Equals

2023-06-02 13:31:13 - [MESSAGE][PASSED] - Click on element: Object Repository/Calculator/Equals succesfully

2023-06-02 13:31:13 - [TEST_STEP][PASSED] - txt = getText(findWindowsObject("Calculator/ResultArea")): Text of test object: Object Repository/Calculator/ResultArea is: 14 

2023-06-02 13:31:14 - [MESSAGE][PASSED] - Text of test object: Object Repository/Calculator/ResultArea is: 14 

2023-06-02 13:31:14 - [TEST_STEP][PASSED] - verifyMatch(txt.trim(), "14", true): Actual text '14' and expected text '14' are matched  using regular expression

2023-06-02 13:31:14 - [MESSAGE][PASSED] - Actual text '14' and expected text '14' are matched  using regular expression

2023-06-02 13:31:14 - [TEST_STEP][PASSED] - closeApplication(): Fire Close event sucessfully.

2023-06-02 13:31:14 - [MESSAGE][PASSED] - Fire Close event sucessfully.]]></system-out>
         <system-err><![CDATA[]]></system-err>
      </testcase>
      <testcase name="Test Cases/Calculator/Subtraction" time="9.066" classname="Test Cases/Calculator/Subtraction" status="PASSED">
         <system-out><![CDATA[2023-06-02 13:31:14 - [TEST_CASE][PASSED] - Test Cases/Calculator/Subtraction: Test Cases/Calculator/Subtraction

2023-06-02 13:31:15 - [TEST_STEP][PASSED] - startApplicationWithTitle("C:\Users\Abhi\Downloads\Calc 64-bit\calc1.exe", "Calculator"): The application at location: C:\Users\Abhi\Downloads\Calc 64-bit\calc1.exe started.

2023-06-02 13:31:15 - [MESSAGE][INFO] - Starting application C:\Users\Abhi\Downloads\Calc 64-bit\calc1.exe on the local machine at address http://127.0.0.1:4723

2023-06-02 13:31:16 - [MESSAGE][PASSED] - The application at location: C:\Users\Abhi\Downloads\Calc 64-bit\calc1.exe started.

2023-06-02 13:31:16 - [TEST_STEP][PASSED] - click(findWindowsObject("Calculator/1")): Click on element: Object Repository/Calculator/1 succesfully

2023-06-02 13:31:17 - [MESSAGE][INFO] - Clicking on element: Object Repository/Calculator/1

2023-06-02 13:31:17 - [MESSAGE][PASSED] - Click on element: Object Repository/Calculator/1 succesfully

2023-06-02 13:31:17 - [TEST_STEP][PASSED] - click(findWindowsObject("Calculator/0")): Click on element: Object Repository/Calculator/0 succesfully

2023-06-02 13:31:19 - [MESSAGE][INFO] - Clicking on element: Object Repository/Calculator/0

2023-06-02 13:31:19 - [MESSAGE][PASSED] - Click on element: Object Repository/Calculator/0 succesfully

2023-06-02 13:31:19 - [TEST_STEP][PASSED] - click(findWindowsObject("Calculator/Subtract")): Click on element: Object Repository/Calculator/Subtract succesfully

2023-06-02 13:31:20 - [MESSAGE][INFO] - Clicking on element: Object Repository/Calculator/Subtract

2023-06-02 13:31:20 - [MESSAGE][PASSED] - Click on element: Object Repository/Calculator/Subtract succesfully

2023-06-02 13:31:20 - [TEST_STEP][PASSED] - click(findWindowsObject("Calculator/2")): Click on element: Object Repository/Calculator/2 succesfully

2023-06-02 13:31:20 - [MESSAGE][INFO] - Clicking on element: Object Repository/Calculator/2

2023-06-02 13:31:21 - [MESSAGE][PASSED] - Click on element: Object Repository/Calculator/2 succesfully

2023-06-02 13:31:21 - [TEST_STEP][PASSED] - click(findWindowsObject("Calculator/Equals")): Click on element: Object Repository/Calculator/Equals succesfully

2023-06-02 13:31:22 - [MESSAGE][INFO] - Clicking on element: Object Repository/Calculator/Equals

2023-06-02 13:31:23 - [MESSAGE][PASSED] - Click on element: Object Repository/Calculator/Equals succesfully

2023-06-02 13:31:23 - [TEST_STEP][PASSED] - txt = getText(findWindowsObject("Calculator/ResultArea")): Text of test object: Object Repository/Calculator/ResultArea is: 8 

2023-06-02 13:31:23 - [MESSAGE][PASSED] - Text of test object: Object Repository/Calculator/ResultArea is: 8 

2023-06-02 13:31:23 - [TEST_STEP][PASSED] - verifyMatch(txt.trim(), "8", true): Actual text '8' and expected text '8' are matched  using regular expression

2023-06-02 13:31:23 - [MESSAGE][PASSED] - Actual text '8' and expected text '8' are matched  using regular expression

2023-06-02 13:31:23 - [TEST_STEP][PASSED] - closeApplication(): Fire Close event sucessfully.

2023-06-02 13:31:23 - [MESSAGE][PASSED] - Fire Close event sucessfully.]]></system-out>
         <system-err><![CDATA[]]></system-err>
      </testcase>
      <testcase name="Test Cases/Calculator/Multiplication" time="8.164" classname="Test Cases/Calculator/Multiplication" status="PASSED">
         <system-out><![CDATA[2023-06-02 13:31:23 - [TEST_CASE][PASSED] - Test Cases/Calculator/Multiplication: Test Cases/Calculator/Multiplication

2023-06-02 13:31:24 - [TEST_STEP][PASSED] - startApplicationWithTitle("C:\Users\Abhi\Downloads\Calc 64-bit\calc1.exe", "Calculator"): The application at location: C:\Users\Abhi\Downloads\Calc 64-bit\calc1.exe started.

2023-06-02 13:31:24 - [MESSAGE][INFO] - Starting application C:\Users\Abhi\Downloads\Calc 64-bit\calc1.exe on the local machine at address http://127.0.0.1:4723

2023-06-02 13:31:25 - [MESSAGE][PASSED] - The application at location: C:\Users\Abhi\Downloads\Calc 64-bit\calc1.exe started.

2023-06-02 13:31:25 - [TEST_STEP][PASSED] - click(findWindowsObject("Object Repository/Calculator/1")): Click on element: Object Repository/Calculator/1 succesfully

2023-06-02 13:31:26 - [MESSAGE][INFO] - Clicking on element: Object Repository/Calculator/1

2023-06-02 13:31:26 - [MESSAGE][PASSED] - Click on element: Object Repository/Calculator/1 succesfully

2023-06-02 13:31:26 - [TEST_STEP][PASSED] - click(findWindowsObject("Object Repository/Calculator/2")): Click on element: Object Repository/Calculator/2 succesfully

2023-06-02 13:31:27 - [MESSAGE][INFO] - Clicking on element: Object Repository/Calculator/2

2023-06-02 13:31:27 - [MESSAGE][PASSED] - Click on element: Object Repository/Calculator/2 succesfully

2023-06-02 13:31:27 - [TEST_STEP][PASSED] - click(findWindowsObject("Object Repository/Calculator/Multiply")): Click on element: Object Repository/Calculator/Multiply succesfully

2023-06-02 13:31:28 - [MESSAGE][INFO] - Clicking on element: Object Repository/Calculator/Multiply

2023-06-02 13:31:28 - [MESSAGE][PASSED] - Click on element: Object Repository/Calculator/Multiply succesfully

2023-06-02 13:31:28 - [TEST_STEP][PASSED] - click(findWindowsObject("Object Repository/Calculator/5")): Click on element: Object Repository/Calculator/5 succesfully

2023-06-02 13:31:29 - [MESSAGE][INFO] - Clicking on element: Object Repository/Calculator/5

2023-06-02 13:31:29 - [MESSAGE][PASSED] - Click on element: Object Repository/Calculator/5 succesfully

2023-06-02 13:31:29 - [TEST_STEP][PASSED] - click(findWindowsObject("Object Repository/Calculator/Equals")): Click on element: Object Repository/Calculator/Equals succesfully

2023-06-02 13:31:30 - [MESSAGE][INFO] - Clicking on element: Object Repository/Calculator/Equals

2023-06-02 13:31:31 - [MESSAGE][PASSED] - Click on element: Object Repository/Calculator/Equals succesfully

2023-06-02 13:31:31 - [TEST_STEP][PASSED] - txt = getText(findWindowsObject("Object Repository/Calculator/ResultArea")): Text of test object: Object Repository/Calculator/ResultArea is: 60 

2023-06-02 13:31:31 - [MESSAGE][PASSED] - Text of test object: Object Repository/Calculator/ResultArea is: 60 

2023-06-02 13:31:31 - [TEST_STEP][PASSED] - verifyMatch(txt.trim(), "60", true): Actual text '60' and expected text '60' are matched  using regular expression

2023-06-02 13:31:31 - [MESSAGE][PASSED] - Actual text '60' and expected text '60' are matched  using regular expression

2023-06-02 13:31:31 - [TEST_STEP][PASSED] - closeApplication(): Fire Close event sucessfully.

2023-06-02 13:31:31 - [MESSAGE][PASSED] - Fire Close event sucessfully.]]></system-out>
         <system-err><![CDATA[]]></system-err>
      </testcase>
      <testcase name="Test Cases/Calculator/Division" time="9.969" classname="Test Cases/Calculator/Division" status="PASSED">
         <system-out><![CDATA[2023-06-02 13:31:41 - [TEST_CASE][PASSED] - Test Cases/Calculator/Division: Test Cases/Calculator/Division

2023-06-02 13:31:41 - [TEST_STEP][PASSED] - startApplicationWithTitle("C:\Users\Abhi\Downloads\Calc 64-bit\calc1.exe", "Calculator"): The application at location: C:\Users\Abhi\Downloads\Calc 64-bit\calc1.exe started.

2023-06-02 13:31:41 - [MESSAGE][INFO] - Starting application C:\Users\Abhi\Downloads\Calc 64-bit\calc1.exe on the local machine at address http://127.0.0.1:4723

2023-06-02 13:31:43 - [MESSAGE][PASSED] - The application at location: C:\Users\Abhi\Downloads\Calc 64-bit\calc1.exe started.

2023-06-02 13:31:43 - [TEST_STEP][PASSED] - click(findWindowsObject("Calculator/1")): Click on element: Object Repository/Calculator/1 succesfully

2023-06-02 13:31:44 - [MESSAGE][INFO] - Clicking on element: Object Repository/Calculator/1

2023-06-02 13:31:44 - [MESSAGE][PASSED] - Click on element: Object Repository/Calculator/1 succesfully

2023-06-02 13:31:44 - [TEST_STEP][PASSED] - click(findWindowsObject("Calculator/0")): Click on element: Object Repository/Calculator/0 succesfully

2023-06-02 13:31:46 - [MESSAGE][INFO] - Clicking on element: Object Repository/Calculator/0

2023-06-02 13:31:46 - [MESSAGE][PASSED] - Click on element: Object Repository/Calculator/0 succesfully

2023-06-02 13:31:46 - [TEST_STEP][PASSED] - click(findWindowsObject("Calculator/Divide")): Click on element: Object Repository/Calculator/Divide succesfully

2023-06-02 13:31:47 - [MESSAGE][INFO] - Clicking on element: Object Repository/Calculator/Divide

2023-06-02 13:31:47 - [MESSAGE][PASSED] - Click on element: Object Repository/Calculator/Divide succesfully

2023-06-02 13:31:47 - [TEST_STEP][PASSED] - click(findWindowsObject("Calculator/2")): Click on element: Object Repository/Calculator/2 succesfully

2023-06-02 13:31:48 - [MESSAGE][INFO] - Clicking on element: Object Repository/Calculator/2

2023-06-02 13:31:48 - [MESSAGE][PASSED] - Click on element: Object Repository/Calculator/2 succesfully

2023-06-02 13:31:48 - [TEST_STEP][PASSED] - click(findWindowsObject("Calculator/Equals")): Click on element: Object Repository/Calculator/Equals succesfully

2023-06-02 13:31:50 - [MESSAGE][INFO] - Clicking on element: Object Repository/Calculator/Equals

2023-06-02 13:31:51 - [MESSAGE][PASSED] - Click on element: Object Repository/Calculator/Equals succesfully

2023-06-02 13:31:51 - [TEST_STEP][PASSED] - txt = getText(findWindowsObject("Calculator/ResultArea")): Text of test object: Object Repository/Calculator/ResultArea is: 5 

2023-06-02 13:31:51 - [MESSAGE][PASSED] - Text of test object: Object Repository/Calculator/ResultArea is: 5 

2023-06-02 13:31:51 - [TEST_STEP][PASSED] - verifyMatch(txt.trim(), "5", true): Actual text '5' and expected text '5' are matched  using regular expression

2023-06-02 13:31:51 - [MESSAGE][PASSED] - Actual text '5' and expected text '5' are matched  using regular expression

2023-06-02 13:31:51 - [TEST_STEP][PASSED] - closeApplication(): Fire Close event sucessfully.

2023-06-02 13:31:51 - [MESSAGE][PASSED] - Fire Close event sucessfully.]]></system-out>
         <system-err><![CDATA[]]></system-err>
      </testcase>
      <system-out><![CDATA[2023-06-02 13:31:02 - [TEST_SUITE][FAILED] - MainFourCalculations: Test Cases/Calculator/Division FAILED.
Reason:
com.kms.katalon.core.exception.StepFailedException: Actual text '0.1' and expected text '5' are not matched using regular expression
	at com.kms.katalon.core.keyword.builtin.VerifyMatchKeyword$_verifyMatch_closure1.doCall(VerifyMatchKeyword.groovy:57)
	at com.kms.katalon.core.keyword.builtin.VerifyMatchKeyword$_verifyMatch_closure1.call(VerifyMatchKeyword.groovy)
	at com.kms.katalon.core.keyword.internal.KeywordMain.runKeyword(KeywordMain.groovy:75)
	at com.kms.katalon.core.keyword.builtin.VerifyMatchKeyword.verifyMatch(VerifyMatchKeyword.groovy:60)
	at com.kms.katalon.core.keyword.builtin.VerifyMatchKeyword.execute(VerifyMatchKeyword.groovy:45)
	at com.kms.katalon.core.keyword.internal.KeywordExecutor.executeKeywordForPlatform(KeywordExecutor.groovy:74)
	at com.kms.katalon.core.keyword.BuiltinKeywords.verifyMatch(BuiltinKeywords.groovy:73)
	at Division.run(Division:34)
	at com.kms.katalon.core.main.ScriptEngine.run(ScriptEngine.java:194)
	at com.kms.katalon.core.main.ScriptEngine.runScriptAsRawText(ScriptEngine.java:119)
	at com.kms.katalon.core.main.TestCaseExecutor.runScript(TestCaseExecutor.java:448)
	at com.kms.katalon.core.main.TestCaseExecutor.doExecute(TestCaseExecutor.java:439)
	at com.kms.katalon.core.main.TestCaseExecutor.processExecutionPhase(TestCaseExecutor.java:418)
	at com.kms.katalon.core.main.TestCaseExecutor.accessMainPhase(TestCaseExecutor.java:410)
	at com.kms.katalon.core.main.TestCaseExecutor.execute(TestCaseExecutor.java:285)
	at com.kms.katalon.core.common.CommonExecutor.accessTestCaseMainPhase(CommonExecutor.java:65)
	at com.kms.katalon.core.main.TestSuiteExecutor.accessTestSuiteMainPhase(TestSuiteExecutor.java:148)
	at com.kms.katalon.core.main.TestSuiteExecutor.execute(TestSuiteExecutor.java:106)
	at com.kms.katalon.core.main.TestCaseMain.startTestSuite(TestCaseMain.java:187)
	at com.kms.katalon.core.main.TestCaseMain$startTestSuite$0.call(Unknown Source)
	at TempTestSuite1685692853921.run(TempTestSuite1685692853921.groovy:36)]]></system-out>
      <system-err><![CDATA[2023-06-02 13:31:02 - [TEST_SUITE][FAILED] - MainFourCalculations: Test Cases/Calculator/Division FAILED.
Reason:
com.kms.katalon.core.exception.StepFailedException: Actual text '0.1' and expected text '5' are not matched using regular expression
	at com.kms.katalon.core.keyword.builtin.VerifyMatchKeyword$_verifyMatch_closure1.doCall(VerifyMatchKeyword.groovy:57)
	at com.kms.katalon.core.keyword.builtin.VerifyMatchKeyword$_verifyMatch_closure1.call(VerifyMatchKeyword.groovy)
	at com.kms.katalon.core.keyword.internal.KeywordMain.runKeyword(KeywordMain.groovy:75)
	at com.kms.katalon.core.keyword.builtin.VerifyMatchKeyword.verifyMatch(VerifyMatchKeyword.groovy:60)
	at com.kms.katalon.core.keyword.builtin.VerifyMatchKeyword.execute(VerifyMatchKeyword.groovy:45)
	at com.kms.katalon.core.keyword.internal.KeywordExecutor.executeKeywordForPlatform(KeywordExecutor.groovy:74)
	at com.kms.katalon.core.keyword.BuiltinKeywords.verifyMatch(BuiltinKeywords.groovy:73)
	at Division.run(Division:34)
	at com.kms.katalon.core.main.ScriptEngine.run(ScriptEngine.java:194)
	at com.kms.katalon.core.main.ScriptEngine.runScriptAsRawText(ScriptEngine.java:119)
	at com.kms.katalon.core.main.TestCaseExecutor.runScript(TestCaseExecutor.java:448)
	at com.kms.katalon.core.main.TestCaseExecutor.doExecute(TestCaseExecutor.java:439)
	at com.kms.katalon.core.main.TestCaseExecutor.processExecutionPhase(TestCaseExecutor.java:418)
	at com.kms.katalon.core.main.TestCaseExecutor.accessMainPhase(TestCaseExecutor.java:410)
	at com.kms.katalon.core.main.TestCaseExecutor.execute(TestCaseExecutor.java:285)
	at com.kms.katalon.core.common.CommonExecutor.accessTestCaseMainPhase(CommonExecutor.java:65)
	at com.kms.katalon.core.main.TestSuiteExecutor.accessTestSuiteMainPhase(TestSuiteExecutor.java:148)
	at com.kms.katalon.core.main.TestSuiteExecutor.execute(TestSuiteExecutor.java:106)
	at com.kms.katalon.core.main.TestCaseMain.startTestSuite(TestCaseMain.java:187)
	at com.kms.katalon.core.main.TestCaseMain$startTestSuite$0.call(Unknown Source)
	at TempTestSuite1685692853921.run(TempTestSuite1685692853921.groovy:36)]]></system-err>
   </testsuite>
</testsuites>
